2019-08-22 01:32:37.081  INFO [-,,,] 6524 --- [restartedMain] c.c.c.ConfigServicePropertySourceLocator : Fetching config from server at : http://localhost:8888
2019-08-22 01:32:38.312  INFO [-,,,] 6524 --- [restartedMain] c.c.c.ConfigServicePropertySourceLocator : Connect Timeout Exception on Url - http://localhost:8888. Will be trying the next url if available
2019-08-22 01:32:38.313  WARN [-,,,] 6524 --- [restartedMain] c.c.c.ConfigServicePropertySourceLocator : Could not locate PropertySource: I/O error on GET request for "http://localhost:8888/application/default": Connection refused: connect; nested exception is java.net.ConnectException: Connection refused: connect
2019-08-22 01:32:38.317  INFO [-,,,] 6524 --- [restartedMain] com.ibm.gbs.ems.MainApplication          : No active profile set, falling back to default profiles: default
2019-08-22 01:32:41.468  INFO [-,,,] 6524 --- [restartedMain] .s.d.r.c.RepositoryConfigurationDelegate : Bootstrapping Spring Data repositories in DEFAULT mode.
2019-08-22 01:32:41.516  INFO [-,,,] 6524 --- [restartedMain] .s.d.r.c.RepositoryConfigurationDelegate : Finished Spring Data repository scanning in 33ms. Found 0 repository interfaces.
2019-08-22 01:32:43.083  INFO [-,,,] 6524 --- [restartedMain] o.s.cloud.context.scope.GenericScope     : BeanFactory id=81dc40ab-833a-3992-a0ea-f5c7e04ffca3
2019-08-22 01:32:46.615  INFO [-,,,] 6524 --- [restartedMain] trationDelegate$BeanPostProcessorChecker : Bean 'org.springframework.cloud.autoconfigure.ConfigurationPropertiesRebinderAutoConfiguration' of type [org.springframework.cloud.autoconfigure.ConfigurationPropertiesRebinderAutoConfiguration$$EnhancerBySpringCGLIB$$f0bcf595] is not eligible for getting processed by all BeanPostProcessors (for example: not eligible for auto-proxying)
2019-08-22 01:32:48.591  INFO [-,,,] 6524 --- [restartedMain] o.s.b.w.embedded.tomcat.TomcatWebServer  : Tomcat initialized with port(s): 8080 (http)
2019-08-22 01:32:48.657  INFO [-,,,] 6524 --- [restartedMain] o.apache.catalina.core.StandardService   : Starting service [Tomcat]
2019-08-22 01:32:48.667  INFO [-,,,] 6524 --- [restartedMain] org.apache.catalina.core.StandardEngine  : Starting Servlet engine: [Apache Tomcat/9.0.22]
2019-08-22 01:32:50.777  INFO [-,,,] 6524 --- [restartedMain] o.a.c.c.C.[Tomcat].[localhost].[/]       : Initializing Spring embedded WebApplicationContext
2019-08-22 01:32:50.778  INFO [-,,,] 6524 --- [restartedMain] o.s.web.context.ContextLoader            : Root WebApplicationContext: initialization completed in 12431 ms
2019-08-22 01:32:51.184  WARN [-,,,] 6524 --- [restartedMain] c.n.c.sources.URLConfigurationSource     : No URLs will be polled as dynamic configuration sources.
2019-08-22 01:32:51.186  INFO [-,,,] 6524 --- [restartedMain] c.n.c.sources.URLConfigurationSource     : To enable URLs as dynamic configuration sources, define System property archaius.configurationSource.additionalUrls or make config.properties available on classpath.
2019-08-22 01:32:51.214  INFO [-,,,] 6524 --- [restartedMain] c.netflix.config.DynamicPropertyFactory  : DynamicPropertyFactory is initialized with configuration sources: com.netflix.config.ConcurrentCompositeConfiguration@1f4a1555
2019-08-22 01:32:59.168  INFO [-,,,] 6524 --- [restartedMain] org.mongodb.driver.cluster               : Cluster created with settings {hosts=[localhost:27017], mode=SINGLE, requiredClusterType=UNKNOWN, serverSelectionTimeout='30000 ms', maxWaitQueueSize=500}
2019-08-22 01:32:59.393  INFO [-,,,] 6524 --- [cluster-ClusterId{value='5d5da373a71606197c2df8b4', description='null'}-localhost:27017] org.mongodb.driver.connection            : Opened connection [connectionId{localValue:1, serverValue:9}] to localhost:27017
2019-08-22 01:32:59.406  INFO [-,,,] 6524 --- [cluster-ClusterId{value='5d5da373a71606197c2df8b4', description='null'}-localhost:27017] org.mongodb.driver.cluster               : Monitor thread successfully connected to server with description ServerDescription{address=localhost:27017, type=STANDALONE, state=CONNECTED, ok=true, version=ServerVersion{versionList=[4, 0, 10]}, minWireVersion=0, maxWireVersion=7, maxDocumentSize=16777216, logicalSessionTimeoutMinutes=30, roundTripTimeNanos=4764800}
2019-08-22 01:33:00.801  INFO [-,,,] 6524 --- [restartedMain] o.s.b.d.a.OptionalLiveReloadServer       : LiveReload server is running on port 35729
2019-08-22 01:33:00.868  WARN [-,,,] 6524 --- [restartedMain] o.s.c.n.a.ArchaiusAutoConfiguration      : No spring.application.name found, defaulting to 'application'
2019-08-22 01:33:00.869  WARN [-,,,] 6524 --- [restartedMain] c.n.c.sources.URLConfigurationSource     : No URLs will be polled as dynamic configuration sources.
2019-08-22 01:33:00.871  INFO [-,,,] 6524 --- [restartedMain] c.n.c.sources.URLConfigurationSource     : To enable URLs as dynamic configuration sources, define System property archaius.configurationSource.additionalUrls or make config.properties available on classpath.
2019-08-22 01:33:01.561  INFO [-,,,] 6524 --- [restartedMain] o.s.s.concurrent.ThreadPoolTaskExecutor  : Initializing ExecutorService 'applicationTaskExecutor'
2019-08-22 01:33:06.327  INFO [-,,,] 6524 --- [restartedMain] o.s.b.a.e.web.EndpointLinksResolver      : Exposing 2 endpoint(s) beneath base path '/actuator'
2019-08-22 01:33:06.652  INFO [-,,,] 6524 --- [restartedMain] o.s.b.w.embedded.tomcat.TomcatWebServer  : Tomcat started on port(s): 8080 (http) with context path ''
2019-08-22 01:33:06.659  INFO [-,,,] 6524 --- [restartedMain] com.ibm.gbs.ems.MainApplication          : Started MainApplication in 35.914 seconds (JVM running for 41.88)
2019-08-22 01:33:59.838  INFO [-,,,] 6524 --- [Thread-8] o.s.s.concurrent.ThreadPoolTaskExecutor  : Shutting down ExecutorService 'applicationTaskExecutor'
2019-08-22 01:34:00.216  WARN [-,,,] 6524 --- [AsyncReporter{org.springframework.cloud.sleuth.zipkin2.sender.RestTemplateSender@51f1fec7}] c.n.c.sources.URLConfigurationSource     : No URLs will be polled as dynamic configuration sources.
2019-08-22 01:34:00.216  INFO [-,,,] 6524 --- [AsyncReporter{org.springframework.cloud.sleuth.zipkin2.sender.RestTemplateSender@51f1fec7}] c.n.c.sources.URLConfigurationSource     : To enable URLs as dynamic configuration sources, define System property archaius.configurationSource.additionalUrls or make config.properties available on classpath.
2019-08-22 01:34:00.219  INFO [-,,,] 6524 --- [AsyncReporter{org.springframework.cloud.sleuth.zipkin2.sender.RestTemplateSender@51f1fec7}] c.netflix.config.DynamicPropertyFactory  : DynamicPropertyFactory is initialized with configuration sources: com.netflix.config.ConcurrentCompositeConfiguration@602b1724
2019-08-22 01:34:00.371  WARN [-,,,] 6524 --- [AsyncReporter{org.springframework.cloud.sleuth.zipkin2.sender.RestTemplateSender@51f1fec7}] s.c.a.AnnotationConfigApplicationContext : Exception encountered during context initialization - cancelling refresh attempt: org.springframework.beans.factory.UnsatisfiedDependencyException: Error creating bean with name 'httpClient' defined in org.springframework.cloud.netflix.ribbon.apache.HttpClientRibbonConfiguration$ApacheHttpClientConfiguration: Unsatisfied dependency expressed through method 'httpClient' parameter 0; nested exception is org.springframework.beans.factory.BeanCreationNotAllowedException: Error creating bean with name 'apacheHttpClientFactory': Singleton bean creation not allowed while singletons of this factory are in destruction (Do not request a bean from a BeanFactory in a destroy method implementation!)
